# JRE version: Java(TM) SE Runtime Environment 18.9 (11.0.15+8) (build 11.0.15+8-LTS-149)
# Java VM: Java HotSpot(TM) 64-Bit Server VM 18.9 (11.0.15+8-LTS-149, mixed mode, tiered, compressed oops, g1 gc, windows-amd64)
Heap:
 garbage-first heap   total 157696K, used 50088K [0x0000000080000000, 0x0000000100000000)
  region size 1024K, 46 young (47104K), 7 survivors (7168K)
 Metaspace       used 40411K, capacity 41619K, committed 41648K, reserved 1085440K
  class space    used 4863K, capacity 5348K, committed 5376K, reserved 1048576K
GC Heap History (10 events):
Event: 1.536 GC heap before
{Heap before GC invocations=2 (full 0):
 garbage-first heap   total 131072K, used 15426K [0x0000000080000000, 0x0000000100000000)
  region size 1024K, 12 young (12288K), 1 survivors (1024K)
 Metaspace       used 14181K, capacity 14468K, committed 14592K, reserved 1062912K
  class space    used 1408K, capacity 1515K, committed 1536K, reserved 1048576K
}
Event: 1.541 GC heap after
{Heap after GC invocations=3 (full 0):
 garbage-first heap   total 131072K, used 4907K [0x0000000080000000, 0x0000000100000000)
  region size 1024K, 2 young (2048K), 2 survivors (2048K)
 Metaspace       used 14181K, capacity 14468K, committed 14592K, reserved 1062912K
  class space    used 1408K, capacity 1515K, committed 1536K, reserved 1048576K
}
Event: 1.904 GC heap before
{Heap before GC invocations=3 (full 0):
 garbage-first heap   total 131072K, used 21291K [0x0000000080000000, 0x0000000100000000)
  region size 1024K, 18 young (18432K), 2 survivors (2048K)
 Metaspace       used 17966K, capacity 18341K, committed 18432K, reserved 1064960K
  class space    used 1841K, capacity 1988K, committed 2048K, reserved 1048576K
}
Event: 1.911 GC heap after
{Heap after GC invocations=4 (full 0):
 garbage-first heap   total 131072K, used 5729K [0x0000000080000000, 0x0000000100000000)
  region size 1024K, 3 young (3072K), 3 survivors (3072K)
 Metaspace       used 17966K, capacity 18341K, committed 18432K, reserved 1064960K
  class space    used 1841K, capacity 1988K, committed 2048K, reserved 1048576K
}
Event: 2.293 GC heap before
{Heap before GC invocations=4 (full 0):
 garbage-first heap   total 131072K, used 18017K [0x0000000080000000, 0x0000000100000000)
  region size 1024K, 17 young (17408K), 3 survivors (3072K)
 Metaspace       used 20688K, capacity 21128K, committed 21296K, reserved 1069056K
  class space    used 2252K, capacity 2432K, committed 2432K, reserved 1048576K
}
Event: 2.307 GC heap after
{Heap after GC invocations=5 (full 0):
 garbage-first heap   total 157696K, used 6055K [0x0000000080000000, 0x0000000100000000)
  region size 1024K, 2 young (2048K), 2 survivors (2048K)
 Metaspace       used 20688K, capacity 21128K, committed 21296K, reserved 1069056K
  class space    used 2252K, capacity 2432K, committed 2432K, reserved 1048576K
}
Event: 4.245 GC heap before
{Heap before GC invocations=6 (full 0):
 garbage-first heap   total 157696K, used 50087K [0x0000000080000000, 0x0000000100000000)
  region size 1024K, 45 young (46080K), 2 survivors (2048K)
 Metaspace       used 25979K, capacity 26713K, committed 26928K, reserved 1073152K
  class space    used 2915K, capacity 3198K, committed 3200K, reserved 1048576K
}
Event: 4.258 GC heap after
{Heap after GC invocations=7 (full 0):
 garbage-first heap   total 157696K, used 8021K [0x0000000080000000, 0x0000000100000000)
  region size 1024K, 4 young (4096K), 4 survivors (4096K)
 Metaspace       used 25979K, capacity 26713K, committed 26928K, reserved 1073152K
  class space    used 2915K, capacity 3198K, committed 3200K, reserved 1048576K
}
Event: 6.449 GC heap before
{Heap before GC invocations=7 (full 0):
 garbage-first heap   total 157696K, used 56149K [0x0000000080000000, 0x0000000100000000)
  region size 1024K, 52 young (53248K), 4 survivors (4096K)
 Metaspace       used 34601K, capacity 35526K, committed 35632K, reserved 1081344K
  class space    used 4012K, capacity 4385K, committed 4480K, reserved 1048576K
}
Event: 6.476 GC heap after
{Heap after GC invocations=8 (full 0):
 garbage-first heap   total 157696K, used 11176K [0x0000000080000000, 0x0000000100000000)
  region size 1024K, 7 young (7168K), 7 survivors (7168K)
 Metaspace       used 34601K, capacity 35526K, committed 35632K, reserved 1081344K
  class space    used 4012K, capacity 4385K, committed 4480K, reserved 1048576K
}

